Failed to query server: Failed to activate service 'org.freedesktop.timedate1': timed out (service_start_timeout=25000ms)
        /media/chris/DATA/Documents/Bot_Trading/SmartTrade/API.R
value   ?                                                       
visible FALSE                                                   
Warning message:
running command 'timedatectl' had status 1 
[1] 1
[1] 2
[1] 3
[1] 4
[1] 5
[1] 6
[1] 7
[1] 8
[1] 9
[1] 10
[1] 11
[1] 12
[1] 13
[1] 14
[1] 15
[1] 16
[1] 17
[1] 18
[1] 19
[1] 20
[1] 21
[1] 22
[1] 23
Warning message:
In write.table(eq, file = paste0(path, "equity_report.csv"), append = T,  :
  appending column names to file
Failed to query server: Failed to activate service 'org.freedesktop.timedate1': timed out (service_start_timeout=25000ms)
        /media/chris/DATA/Documents/Bot_Trading/SmartTrade/API.R
value   ?                                                       
visible FALSE                                                   
Warning message:
running command 'timedatectl' had status 1 
[1] 1
[1] 2
[1] 3
[1] 4
[1] 5
[1] 6
[1] 7
[1] 8
[1] 9
[1] 10
[1] 11
[1] 12
[1] 13
[1] 14
[1] 15
[1] 16
[1] 17
[1] 18
[1] 19
[1] 20
[1] 21
[1] 22
[1] 23
Warning message:
In write.table(eq, file = paste0(path, "equity_report.csv"), append = T,  :
  appending column names to file
        /media/chris/DATA/Documents/Bot_Trading/SmartTrade/API.R
value   ?                                                       
visible FALSE                                                   
[1] 1
[1] 2
[1] 3
[1] 4
[1] 5
[1] 6
[1] 7
[1] 8
[1] 9
[1] 10
[1] 11
[1] 12
[1] 13
[1] 14
[1] 15
[1] 16
[1] 17
[1] 18
[1] 19
[1] 20
[1] 21
[1] 22
[1] 23
Warning message:
In write.table(eq, file = paste0(path, "equity_report.csv"), append = T,  :
  appending column names to file
        /media/chris/DATA/Documents/Bot_Trading/SmartTrade/API.R
value   ?                                                       
visible FALSE                                                   
[1] 1
[1] 2
[1] 3
[1] 4
[1] 5
[1] 6
[1] 7
[1] 8
[1] 9
[1] 10
[1] 11
[1] 12
[1] 13
[1] 14
[1] 15
[1] 16
[1] 17
[1] 18
[1] 19
[1] 20
[1] 21
[1] 22
[1] 23
Warning message:
In write.table(eq, file = paste0(path, "equity_report.csv"), append = T,  :
  appending column names to file
        /media/chris/DATA/Documents/Bot_Trading/SmartTrade/API.R
value   ?                                                       
visible FALSE                                                   
[1] 1
[1] 2
[1] 3
[1] 4
[1] 5
[1] 6
[1] 7
[1] 8
[1] 9
[1] 10
[1] 11
[1] 12
[1] 13
[1] 14
[1] 15
[1] 16
[1] 17
[1] 18
[1] 19
[1] 20
[1] 21
[1] 22
[1] 23
Warning message:
In write.table(eq, file = paste0(path, "equity_report.csv"), append = T,  :
  appending column names to file
        /media/chris/DATA/Documents/Bot_Trading/SmartTrade/API.R
value   ?                                                       
visible FALSE                                                   
[1] 1
[1] 2
[1] 3
[1] 4
[1] 5
[1] 6
[1] 7
[1] 8
[1] 9
[1] 10
[1] 11
[1] 12
[1] 13
[1] 14
[1] 15
[1] 16
[1] 17
[1] 18
[1] 19
[1] 20
[1] 21
[1] 22
[1] 23
Warning message:
In write.table(eq, file = paste0(path, "equity_report.csv"), append = T,  :
  appending column names to file
        /media/chris/DATA/Documents/Bot_Trading/SmartTrade/API.R
value   ?                                                       
visible FALSE                                                   
[1] 1
[1] 2
[1] 3
[1] 4
[1] 5
[1] 6
[1] 7
[1] 8
[1] 9
[1] 10
[1] 11
[1] 12
[1] 13
[1] 14
[1] 15
[1] 16
[1] 17
[1] 18
[1] 19
[1] 20
[1] 21
[1] 22
[1] 23
Warning message:
In write.table(eq, file = paste0(path, "equity_report.csv"), append = T,  :
  appending column names to file
        /media/chris/DATA/Documents/Bot_Trading/SmartTrade/API.R
value   ?                                                       
visible FALSE                                                   
[1] 1
[1] 2
[1] 3
[1] 4
[1] 5
[1] 6
[1] 7
[1] 8
[1] 9
[1] 10
[1] 11
[1] 12
[1] 13
[1] 14
[1] 15
[1] 16
[1] 17
[1] 18
[1] 19
[1] 20
[1] 21
[1] 22
[1] 23
Warning message:
In write.table(eq, file = paste0(path, "equity_report.csv"), append = T,  :
  appending column names to file
        /media/chris/DATA/Documents/Bot_Trading/SmartTrade/API.R
value   ?                                                       
visible FALSE                                                   
[1] 1
[1] 2
[1] 3
[1] 4
[1] 5
[1] 6
[1] 7
[1] 8
[1] 9
[1] 10
[1] 11
[1] 12
[1] 13
[1] 14
[1] 15
[1] 16
[1] 17
[1] 18
[1] 19
[1] 20
[1] 21
[1] 22
[1] 23
Warning message:
In write.table(eq, file = paste0(path, "equity_report.csv"), append = T,  :
  appending column names to file
        /media/chris/DATA/Documents/Bot_Trading/SmartTrade/API.R
value   ?                                                       
visible FALSE                                                   
[1] 1
[1] 2
[1] 3
[1] 4
[1] 5
[1] 6
[1] 7
[1] 8
[1] 9
[1] 10
[1] 11
[1] 12
[1] 13
[1] 14
[1] 15
[1] 16
[1] 17
[1] 18
[1] 19
[1] 20
[1] 21
[1] 22
[1] 23
Warning message:
In write.table(eq, file = paste0(path, "equity_report.csv"), append = T,  :
  appending column names to file
        /media/chris/DATA/Documents/Bot_Trading/SmartTrade/API.R
value   ?                                                       
visible FALSE                                                   
[1] 1
[1] 2
[1] 3
[1] 4
[1] 5
[1] 6
[1] 7
[1] 8
[1] 9
[1] 10
[1] 11
[1] 12
[1] 13
[1] 14
[1] 15
[1] 16
[1] 17
[1] 18
[1] 19
[1] 20
[1] 21
[1] 22
[1] 23
Warning message:
In write.table(eq, file = paste0(path, "equity_report.csv"), append = T,  :
  appending column names to file
        /media/chris/DATA/Documents/Bot_Trading/SmartTrade/API.R
value   ?                                                       
visible FALSE                                                   
[1] 1
[1] 2
[1] 3
[1] 4
[1] 5
[1] 6
[1] 7
[1] 8
[1] 9
[1] 10
[1] 11
[1] 12
[1] 13
[1] 14
[1] 15
[1] 16
[1] 17
[1] 18
[1] 19
[1] 20
[1] 21
[1] 22
[1] 23
Warning message:
In write.table(eq, file = paste0(path, "equity_report.csv"), append = T,  :
  appending column names to file
        /media/chris/DATA/Documents/Bot_Trading/SmartTrade/API.R
value   ?                                                       
visible FALSE                                                   
[1] 1
[1] 2
[1] 3
[1] 4
[1] 5
[1] 6
[1] 7
[1] 8
[1] 9
[1] 10
[1] 11
[1] 12
[1] 13
[1] 14
[1] 15
[1] 16
[1] 17
[1] 18
[1] 19
[1] 20
[1] 21
[1] 22
[1] 23
Warning message:
In write.table(eq, file = paste0(path, "equity_report.csv"), append = T,  :
  appending column names to file
        /media/chris/DATA/Documents/Bot_Trading/SmartTrade/API.R
value   ?                                                       
visible FALSE                                                   
[1] 1
[1] 2
[1] 3
[1] 4
[1] 5
[1] 6
[1] 7
[1] 8
[1] 9
[1] 10
[1] 11
[1] 12
[1] 13
[1] 14
[1] 15
[1] 16
[1] 17
[1] 18
[1] 19
[1] 20
[1] 21
[1] 22
[1] 23
Warning message:
In write.table(eq, file = paste0(path, "equity_report.csv"), append = T,  :
  appending column names to file
        /media/chris/DATA/Documents/Bot_Trading/SmartTrade/API.R
value   ?                                                       
visible FALSE                                                   
[1] 1
[1] 2
[1] 3
[1] 4
[1] 5
[1] 6
[1] 7
[1] 8
[1] 9
[1] 10
[1] 11
[1] 12
[1] 13
[1] 14
[1] 15
[1] 16
[1] 17
[1] 18
[1] 19
[1] 20
[1] 21
[1] 22
[1] 23
Warning message:
In write.table(eq, file = paste0(path, "equity_report.csv"), append = T,  :
  appending column names to file
        /media/chris/DATA/Documents/Bot_Trading/SmartTrade/API.R
value   ?                                                       
visible FALSE                                                   
[1] 1
[1] 2
[1] 3
[1] 4
[1] 5
[1] 6
[1] 7
[1] 8
[1] 9
[1] 10
[1] 11
[1] 12
[1] 13
[1] 14
[1] 15
[1] 16
[1] 17
[1] 18
[1] 19
[1] 20
[1] 21
[1] 22
[1] 23
Warning message:
In write.table(eq, file = paste0(path, "equity_report.csv"), append = T,  :
  appending column names to file
